<?xml version="1.0" encoding="UTF-8"?>
<testng-results ignored="0" total="1" passed="1" failed="0" skipped="0">
  <reporter-output>
    <line>
      <![CDATA[there should be at-least one wicket-keeper in RCB team actual:1]]>
    </line>
    <line>
      <![CDATA[four foreign players should be in RCB team actual: 4 expected: 4]]>
    </line>
  </reporter-output>
  <suite started-at="2022-09-22T10:44:18 IST" name="Default suite" finished-at="2022-09-22T10:44:18 IST" duration-ms="49">
    <groups>
    </groups>
    <test started-at="2022-09-22T10:44:18 IST" name="Default test" finished-at="2022-09-22T10:44:18 IST" duration-ms="49">
      <class name="org.com.tests.verifyRCBTeam">
        <test-method signature="validateRCBTeam()[pri:0, instance:org.com.tests.verifyRCBTeam@6c130c45]" started-at="2022-09-22T10:44:18 IST" name="validateRCBTeam" finished-at="2022-09-22T10:44:18 IST" duration-ms="15" status="PASS">
          <reporter-output>
            <line>
              <![CDATA[there should be at-least one wicket-keeper in RCB team actual:1]]>
            </line>
            <line>
              <![CDATA[four foreign players should be in RCB team actual: 4 expected: 4]]>
            </line>
          </reporter-output>
        </test-method> <!-- validateRCBTeam -->
      </class> <!-- org.com.tests.verifyRCBTeam -->
    </test> <!-- Default test -->
  </suite> <!-- Default suite -->
</testng-results>
